<?xml version="1.0" encoding="UTF-8"?>
<!-- Generated by org.testng.reporters.JUnitXMLReporter -->
<testsuite ignored="0" hostname="DESKTOP-NDO6H09" failures="0" tests="4" name="Test" time="106.144" errors="0" timestamp="2023-07-23T13:41:19 IST">
  <testcase classname="AppDemo.OrangeApp_MainPage" name="getPageSource" time="5.092"/>
  <testcase classname="AppDemo.OrangeApp_MainPage" name="getCurrentUrl" time="5.041"/>
  <testcase classname="AppDemo.OrangeApp_MainPage" name="getTitle" time="5.018"/>
  <testcase classname="AppDemo.OrangeApp_LoginPage" name="getLogin" time="15.351"/>
</testsuite> <!-- Test -->
